+ echo '=== DEBUG MODE STARTED ==='
+ tee -a install-debug.log
=== DEBUG MODE STARTED ===
+ tee -a install-debug.log
++ date
+ echo 'Time: Fri Oct 17 03:45:15 PM EDT 2025'
Time: Fri Oct 17 03:45:15 PM EDT 2025
+ echo 'Terminal: xterm-kitty'
+ tee -a install-debug.log
Terminal: xterm-kitty
+ tee -a install-debug.log
++ tput cols
+ echo 'Columns: 156'
Columns: 156
+ tee -a install-debug.log
++ tput lines
+ echo 'Lines: 46'
Lines: 46
+ set -e
+ RED='\033[0;31m'
+ GREEN='\033[0;32m'
+ YELLOW='\033[1;33m'
+ BLUE='\033[0;34m'
+ CYAN='\033[0;36m'
+ MAGENTA='\033[0;35m'
+ BOLD='\033[1m'
+ DIM='\033[2m'
+ NC='\033[0m'
+ FRAPPE_ROSEWATER='\033[38;2;242;213;207m'
+ FRAPPE_FLAMINGO='\033[38;2;238;190;190m'
+ FRAPPE_PINK='\033[38;2;244;184;228m'
+ FRAPPE_MAUVE='\033[38;2;202;158;230m'
+ FRAPPE_RED='\033[38;2;231;130;132m'
+ FRAPPE_MAROON='\033[38;2;234;153;156m'
+ FRAPPE_PEACH='\033[38;2;239;159;118m'
+ FRAPPE_YELLOW='\033[38;2;229;200;144m'
+ FRAPPE_GREEN='\033[38;2;166;209;137m'
+ FRAPPE_TEAL='\033[38;2;129;200;190m'
+ FRAPPE_SKY='\033[38;2;153;209;219m'
+ FRAPPE_SAPPHIRE='\033[38;2;133;193;220m'
+ FRAPPE_BLUE='\033[38;2;140;170;238m'
+ FRAPPE_LAVENDER='\033[38;2;186;187;241m'
+ FRAPPE_TEXT='\033[38;2;198;208;245m'
+ FRAPPE_SUBTEXT1='\033[38;2;181;191;226m'
+ FRAPPE_BASE='\033[38;2;48;52;70m'
+++ dirname ./install-debug.sh
++ cd .
++ pwd
+ DOTFILES_DIR=/home/harry/dots
+ CONFIG_DIR=/home/harry/.config
++ date +%Y%m%d-%H%M%S
+ BACKUP_DIR=/home/harry/.config-backup-20251017-154515
+ PACKAGES_DIR=/home/harry/dots/packages
++ tput cols
+ TERM_WIDTH=156
+ echo DOTFILES_DIR=/home/harry/dots
+ tee -a install-debug.log
DOTFILES_DIR=/home/harry/dots
+ echo TERM_WIDTH=156
+ tee -a install-debug.log
TERM_WIDTH=156
+ echo '[DEBUG] Starting main()'
+ tee -a install-debug.log
[DEBUG] Starting main()
+ main
+ echo '[DEBUG] main() started'
+ tee -a install-debug.log
[DEBUG] main() started
+ show_welcome
+ echo '[DEBUG] show_welcome called'
+ tee -a install-debug.log
[DEBUG] show_welcome called
+ clear
+ local ascii_width=82
+ local box_width=86
+ echo '[DEBUG] ascii_width=82, box_width=86'
+ tee -a install-debug.log
[DEBUG] ascii_width=82, box_width=86
+ echo ''
+ draw_box 'Hyprland Dotfiles Installer' 86
+ echo '[DEBUG] draw_box called: title='\''Hyprland Dotfiles Installer'\'', width='\''86'\'''
+ tee -a install-debug.log
[DEBUG] draw_box called: title='Hyprland Dotfiles Installer', width='86'
+ local 'title=Hyprland Dotfiles Installer'
+ local width=86
+ echo -en '\033[38;2;186;187;241m'
+ echo -n ╔
++ seq 1 84
+ printf ═%.0s 1 2 3 4 5 6 7 8 9 10 11 12 13 14 15 16 17 18 19 20 21 22 23 24 25 26 27 28 29 30 31 32 33 34 35 36 37 38 39 40 41 42 43 44 45 46 47 48 49 50 51 52 53 54 55 56 57 58 59 60 61 62 63 64 65 66 67 68 69 70 71 72 73 74 75 76 77 78 79 80 81 82 83 84
+ echo ╗
+ '[' -n 'Hyprland Dotfiles Installer' ']'
++ strip_ansi 'Hyprland Dotfiles Installer'
++ echo -e 'Hyprland Dotfiles Installer'
++ sed 's/\x1b\[[0-9;]*m//g'
+ local 'visible_title=Hyprland Dotfiles Installer'
+ local title_len=27
+ local padding=28
+ local right_padding=29
+ echo '[DEBUG] title_len=27, padding=28, right_padding=29'
+ tee -a install-debug.log
[DEBUG] title_len=27, padding=28, right_padding=29
+ echo -n ║
++ seq 1 28
+ printf ' %.0s' 1 2 3 4 5 6 7 8 9 10 11 12 13 14 15 16 17 18 19 20 21 22 23 24 25 26 27 28
+ echo -n '\033[1m\033[38;2;202;158;230mHyprland Dotfiles Installer\033[0m\033[38;2;186;187;241m'
++ seq 1 29
+ printf ' %.0s' 1 2 3 4 5 6 7 8 9 10 11 12 13 14 15 16 17 18 19 20 21 22 23 24 25 26 27 28 29
+ echo ║
+ echo -n ╠
++ seq 1 84
+ printf ═%.0s 1 2 3 4 5 6 7 8 9 10 11 12 13 14 15 16 17 18 19 20 21 22 23 24 25 26 27 28 29 30 31 32 33 34 35 36 37 38 39 40 41 42 43 44 45 46 47 48 49 50 51 52 53 54 55 56 57 58 59 60 61 62 63 64 65 66 67 68 69 70 71 72 73 74 75 76 77 78 79 80 81 82 83 84
+ echo ╣
+ echo -en '\033[0m'
+ draw_box_line '' 86
+ local text=
+ local width=86
+ local 'color=\033[38;2;198;208;245m'
+ echo '[DEBUG] draw_box_line: text='\'''\'', width=86'
+ tee -a install-debug.log
[DEBUG] draw_box_line: text='', width=86
++ strip_ansi ''
++ echo -e ''
++ sed 's/\x1b\[[0-9;]*m//g'
+ local visible_text=
+ local text_length=0
+ echo '[DEBUG] visible_text='\'''\'', text_length=0'
+ tee -a install-debug.log
[DEBUG] visible_text='', text_length=0
+ local padding=83
+ echo '[DEBUG] padding=83'
+ tee -a install-debug.log
[DEBUG] padding=83
+ echo -en '\033[38;2;186;187;241m║\033[0m '
+ echo -en ''
+ '[' 83 -gt 0 ']'
++ seq 1 83
+ printf ' %.0s' 1 2 3 4 5 6 7 8 9 10 11 12 13 14 15 16 17 18 19 20 21 22 23 24 25 26 27 28 29 30 31 32 33 34 35 36 37 38 39 40 41 42 43 44 45 46 47 48 49 50 51 52 53 54 55 56 57 58 59 60 61 62 63 64 65 66 67 68 69 70 71 72 73 74 75 76 77 78 79 80 81 82 83
+ echo -e ' \033[38;2;186;187;241m║\033[0m'
+ draw_box_line '  ██╗  ██╗██╗   ██╗██████╗ ██████╗ ██╗      █████╗ ███╗   ██╗██████╗' 86
+ local 'text=  ██╗  ██╗██╗   ██╗██████╗ ██████╗ ██╗      █████╗ ███╗   ██╗██████╗'
+ local width=86
+ local 'color=\033[38;2;198;208;245m'
+ echo '[DEBUG] draw_box_line: text='\''  ██╗  ██╗██╗   ██╗██████╗ ██████╗ ██╗      █████╗ ███╗   ██╗██████╗'\'', width=86'
+ tee -a install-debug.log
[DEBUG] draw_box_line: text='  ██╗  ██╗██╗   ██╗██████╗ ██████╗ ██╗      █████╗ ███╗   ██╗██████╗', width=86
++ strip_ansi '  ██╗  ██╗██╗   ██╗██████╗ ██████╗ ██╗      █████╗ ███╗   ██╗██████╗'
++ echo -e '  ██╗  ██╗██╗   ██╗██████╗ ██████╗ ██╗      █████╗ ███╗   ██╗██████╗'
++ sed 's/\x1b\[[0-9;]*m//g'
+ local 'visible_text=  ██╗  ██╗██╗   ██╗██████╗ ██████╗ ██╗      █████╗ ███╗   ██╗██████╗'
+ local text_length=68
+ echo '[DEBUG] visible_text='\''  ██╗  ██╗██╗   ██╗██████╗ ██████╗ ██╗      █████╗ ███╗   ██╗██████╗'\'', text_length=68'
+ tee -a install-debug.log
[DEBUG] visible_text='  ██╗  ██╗██╗   ██╗██████╗ ██████╗ ██╗      █████╗ ███╗   ██╗██████╗', text_length=68
+ local padding=15
+ echo '[DEBUG] padding=15'
+ tee -a install-debug.log
[DEBUG] padding=15
+ echo -en '\033[38;2;186;187;241m║\033[0m '
+ echo -en '  ██╗  ██╗██╗   ██╗██████╗ ██████╗ ██╗      █████╗ ███╗   ██╗██████╗'
+ '[' 15 -gt 0 ']'
++ seq 1 15
+ printf ' %.0s' 1 2 3 4 5 6 7 8 9 10 11 12 13 14 15
+ echo -e ' \033[38;2;186;187;241m║\033[0m'
+ draw_box_line '  ██║  ██║╚██╗ ██╔╝██╔══██╗██╔══██╗██║     ██╔══██╗████╗  ██║██╔══██╗' 86
+ local 'text=  ██║  ██║╚██╗ ██╔╝██╔══██╗██╔══██╗██║     ██╔══██╗████╗  ██║██╔══██╗'
+ local width=86
+ local 'color=\033[38;2;198;208;245m'
+ echo '[DEBUG] draw_box_line: text='\''  ██║  ██║╚██╗ ██╔╝██╔══██╗██╔══██╗██║     ██╔══██╗████╗  ██║██╔══██╗'\'', width=86'
+ tee -a install-debug.log
[DEBUG] draw_box_line: text='  ██║  ██║╚██╗ ██╔╝██╔══██╗██╔══██╗██║     ██╔══██╗████╗  ██║██╔══██╗', width=86
++ strip_ansi '  ██║  ██║╚██╗ ██╔╝██╔══██╗██╔══██╗██║     ██╔══██╗████╗  ██║██╔══██╗'
++ echo -e '  ██║  ██║╚██╗ ██╔╝██╔══██╗██╔══██╗██║     ██╔══██╗████╗  ██║██╔══██╗'
++ sed 's/\x1b\[[0-9;]*m//g'
+ local 'visible_text=  ██║  ██║╚██╗ ██╔╝██╔══██╗██╔══██╗██║     ██╔══██╗████╗  ██║██╔══██╗'
+ local text_length=69
+ echo '[DEBUG] visible_text='\''  ██║  ██║╚██╗ ██╔╝██╔══██╗██╔══██╗██║     ██╔══██╗████╗  ██║██╔══██╗'\'', text_length=69'
+ tee -a install-debug.log
[DEBUG] visible_text='  ██║  ██║╚██╗ ██╔╝██╔══██╗██╔══██╗██║     ██╔══██╗████╗  ██║██╔══██╗', text_length=69
+ local padding=14
+ echo '[DEBUG] padding=14'
+ tee -a install-debug.log
[DEBUG] padding=14
+ echo -en '\033[38;2;186;187;241m║\033[0m '
+ echo -en '  ██║  ██║╚██╗ ██╔╝██╔══██╗██╔══██╗██║     ██╔══██╗████╗  ██║██╔══██╗'
+ '[' 14 -gt 0 ']'
++ seq 1 14
+ printf ' %.0s' 1 2 3 4 5 6 7 8 9 10 11 12 13 14
+ echo -e ' \033[38;2;186;187;241m║\033[0m'
+ draw_box_line '  ███████║ ╚████╔╝ ██████╔╝██████╔╝██║     ███████║██╔██╗ ██║██║  ██║' 86
+ local 'text=  ███████║ ╚████╔╝ ██████╔╝██████╔╝██║     ███████║██╔██╗ ██║██║  ██║'
+ local width=86
+ local 'color=\033[38;2;198;208;245m'
+ echo '[DEBUG] draw_box_line: text='\''  ███████║ ╚████╔╝ ██████╔╝██████╔╝██║     ███████║██╔██╗ ██║██║  ██║'\'', width=86'
+ tee -a install-debug.log
[DEBUG] draw_box_line: text='  ███████║ ╚████╔╝ ██████╔╝██████╔╝██║     ███████║██╔██╗ ██║██║  ██║', width=86
++ strip_ansi '  ███████║ ╚████╔╝ ██████╔╝██████╔╝██║     ███████║██╔██╗ ██║██║  ██║'
++ echo -e '  ███████║ ╚████╔╝ ██████╔╝██████╔╝██║     ███████║██╔██╗ ██║██║  ██║'
++ sed 's/\x1b\[[0-9;]*m//g'
+ local 'visible_text=  ███████║ ╚████╔╝ ██████╔╝██████╔╝██║     ███████║██╔██╗ ██║██║  ██║'
+ local text_length=69
+ tee -a install-debug.log
+ echo '[DEBUG] visible_text='\''  ███████║ ╚████╔╝ ██████╔╝██████╔╝██║     ███████║██╔██╗ ██║██║  ██║'\'', text_length=69'
[DEBUG] visible_text='  ███████║ ╚████╔╝ ██████╔╝██████╔╝██║     ███████║██╔██╗ ██║██║  ██║', text_length=69
+ local padding=14
+ echo '[DEBUG] padding=14'
+ tee -a install-debug.log
[DEBUG] padding=14
+ echo -en '\033[38;2;186;187;241m║\033[0m '
+ echo -en '  ███████║ ╚████╔╝ ██████╔╝██████╔╝██║     ███████║██╔██╗ ██║██║  ██║'
+ '[' 14 -gt 0 ']'
++ seq 1 14
+ printf ' %.0s' 1 2 3 4 5 6 7 8 9 10 11 12 13 14
+ echo -e ' \033[38;2;186;187;241m║\033[0m'
+ draw_box_line '  ██╔══██║  ╚██╔╝  ██╔═══╝ ██╔══██╗██║     ██╔══██║██║╚██╗██║██║  ██║' 86
+ local 'text=  ██╔══██║  ╚██╔╝  ██╔═══╝ ██╔══██╗██║     ██╔══██║██║╚██╗██║██║  ██║'
+ local width=86
+ local 'color=\033[38;2;198;208;245m'
+ echo '[DEBUG] draw_box_line: text='\''  ██╔══██║  ╚██╔╝  ██╔═══╝ ██╔══██╗██║     ██╔══██║██║╚██╗██║██║  ██║'\'', width=86'
+ tee -a install-debug.log
[DEBUG] draw_box_line: text='  ██╔══██║  ╚██╔╝  ██╔═══╝ ██╔══██╗██║     ██╔══██║██║╚██╗██║██║  ██║', width=86
++ strip_ansi '  ██╔══██║  ╚██╔╝  ██╔═══╝ ██╔══██╗██║     ██╔══██║██║╚██╗██║██║  ██║'
++ echo -e '  ██╔══██║  ╚██╔╝  ██╔═══╝ ██╔══██╗██║     ██╔══██║██║╚██╗██║██║  ██║'
++ sed 's/\x1b\[[0-9;]*m//g'
+ local 'visible_text=  ██╔══██║  ╚██╔╝  ██╔═══╝ ██╔══██╗██║     ██╔══██║██║╚██╗██║██║  ██║'
+ local text_length=69
+ echo '[DEBUG] visible_text='\''  ██╔══██║  ╚██╔╝  ██╔═══╝ ██╔══██╗██║     ██╔══██║██║╚██╗██║██║  ██║'\'', text_length=69'
+ tee -a install-debug.log
[DEBUG] visible_text='  ██╔══██║  ╚██╔╝  ██╔═══╝ ██╔══██╗██║     ██╔══██║██║╚██╗██║██║  ██║', text_length=69
+ local padding=14
+ tee -a install-debug.log
+ echo '[DEBUG] padding=14'
[DEBUG] padding=14
+ echo -en '\033[38;2;186;187;241m║\033[0m '
+ echo -en '  ██╔══██║  ╚██╔╝  ██╔═══╝ ██╔══██╗██║     ██╔══██║██║╚██╗██║██║  ██║'
+ '[' 14 -gt 0 ']'
++ seq 1 14
+ printf ' %.0s' 1 2 3 4 5 6 7 8 9 10 11 12 13 14
+ echo -e ' \033[38;2;186;187;241m║\033[0m'
+ draw_box_line '  ██║  ██║   ██║   ██║     ██║  ██║███████╗██║  ██║██║ ╚████║██████╔╝' 86
+ local 'text=  ██║  ██║   ██║   ██║     ██║  ██║███████╗██║  ██║██║ ╚████║██████╔╝'
+ local width=86
+ local 'color=\033[38;2;198;208;245m'
+ tee -a install-debug.log
+ echo '[DEBUG] draw_box_line: text='\''  ██║  ██║   ██║   ██║     ██║  ██║███████╗██║  ██║██║ ╚████║██████╔╝'\'', width=86'
[DEBUG] draw_box_line: text='  ██║  ██║   ██║   ██║     ██║  ██║███████╗██║  ██║██║ ╚████║██████╔╝', width=86
++ strip_ansi '  ██║  ██║   ██║   ██║     ██║  ██║███████╗██║  ██║██║ ╚████║██████╔╝'
++ echo -e '  ██║  ██║   ██║   ██║     ██║  ██║███████╗██║  ██║██║ ╚████║██████╔╝'
++ sed 's/\x1b\[[0-9;]*m//g'
+ local 'visible_text=  ██║  ██║   ██║   ██║     ██║  ██║███████╗██║  ██║██║ ╚████║██████╔╝'
+ local text_length=69
+ echo '[DEBUG] visible_text='\''  ██║  ██║   ██║   ██║     ██║  ██║███████╗██║  ██║██║ ╚████║██████╔╝'\'', text_length=69'
+ tee -a install-debug.log
[DEBUG] visible_text='  ██║  ██║   ██║   ██║     ██║  ██║███████╗██║  ██║██║ ╚████║██████╔╝', text_length=69
+ local padding=14
+ echo '[DEBUG] padding=14'
+ tee -a install-debug.log
[DEBUG] padding=14
+ echo -en '\033[38;2;186;187;241m║\033[0m '
+ echo -en '  ██║  ██║   ██║   ██║     ██║  ██║███████╗██║  ██║██║ ╚████║██████╔╝'
+ '[' 14 -gt 0 ']'
++ seq 1 14
+ printf ' %.0s' 1 2 3 4 5 6 7 8 9 10 11 12 13 14
+ echo -e ' \033[38;2;186;187;241m║\033[0m'
+ draw_box_line '  ╚═╝  ╚═╝   ╚═╝   ╚═╝     ╚═╝  ╚═╝╚══════╝╚═╝  ╚═╝╚═╝  ╚═══╝╚═════╝' 86
+ local 'text=  ╚═╝  ╚═╝   ╚═╝   ╚═╝     ╚═╝  ╚═╝╚══════╝╚═╝  ╚═╝╚═╝  ╚═══╝╚═════╝'
+ local width=86
+ local 'color=\033[38;2;198;208;245m'
+ echo '[DEBUG] draw_box_line: text='\''  ╚═╝  ╚═╝   ╚═╝   ╚═╝     ╚═╝  ╚═╝╚══════╝╚═╝  ╚═╝╚═╝  ╚═══╝╚═════╝'\'', width=86'
+ tee -a install-debug.log
[DEBUG] draw_box_line: text='  ╚═╝  ╚═╝   ╚═╝   ╚═╝     ╚═╝  ╚═╝╚══════╝╚═╝  ╚═╝╚═╝  ╚═══╝╚═════╝', width=86
++ strip_ansi '  ╚═╝  ╚═╝   ╚═╝   ╚═╝     ╚═╝  ╚═╝╚══════╝╚═╝  ╚═╝╚═╝  ╚═══╝╚═════╝'
++ echo -e '  ╚═╝  ╚═╝   ╚═╝   ╚═╝     ╚═╝  ╚═╝╚══════╝╚═╝  ╚═╝╚═╝  ╚═══╝╚═════╝'
++ sed 's/\x1b\[[0-9;]*m//g'
+ local 'visible_text=  ╚═╝  ╚═╝   ╚═╝   ╚═╝     ╚═╝  ╚═╝╚══════╝╚═╝  ╚═╝╚═╝  ╚═══╝╚═════╝'
+ local text_length=68
+ echo '[DEBUG] visible_text='\''  ╚═╝  ╚═╝   ╚═╝   ╚═╝     ╚═╝  ╚═╝╚══════╝╚═╝  ╚═╝╚═╝  ╚═══╝╚═════╝'\'', text_length=68'
+ tee -a install-debug.log
[DEBUG] visible_text='  ╚═╝  ╚═╝   ╚═╝   ╚═╝     ╚═╝  ╚═╝╚══════╝╚═╝  ╚═╝╚═╝  ╚═══╝╚═════╝', text_length=68
+ local padding=15
+ echo '[DEBUG] padding=15'
+ tee -a install-debug.log
[DEBUG] padding=15
+ echo -en '\033[38;2;186;187;241m║\033[0m '
+ echo -en '  ╚═╝  ╚═╝   ╚═╝   ╚═╝     ╚═╝  ╚═╝╚══════╝╚═╝  ╚═╝╚═╝  ╚═══╝╚═════╝'
+ '[' 15 -gt 0 ']'
++ seq 1 15
+ printf ' %.0s' 1 2 3 4 5 6 7 8 9 10 11 12 13 14 15
+ echo -e ' \033[38;2;186;187;241m║\033[0m'
+ draw_box_line '' 86
+ local text=
+ local width=86
+ local 'color=\033[38;2;198;208;245m'
+ echo '[DEBUG] draw_box_line: text='\'''\'', width=86'
+ tee -a install-debug.log
[DEBUG] draw_box_line: text='', width=86
++ strip_ansi ''
++ echo -e ''
++ sed 's/\x1b\[[0-9;]*m//g'
+ local visible_text=
+ local text_length=0
+ echo '[DEBUG] visible_text='\'''\'', text_length=0'
+ tee -a install-debug.log
[DEBUG] visible_text='', text_length=0
+ local padding=83
+ echo '[DEBUG] padding=83'
+ tee -a install-debug.log
[DEBUG] padding=83
+ echo -en '\033[38;2;186;187;241m║\033[0m '
+ echo -en ''
+ '[' 83 -gt 0 ']'
++ seq 1 83
+ printf ' %.0s' 1 2 3 4 5 6 7 8 9 10 11 12 13 14 15 16 17 18 19 20 21 22 23 24 25 26 27 28 29 30 31 32 33 34 35 36 37 38 39 40 41 42 43 44 45 46 47 48 49 50 51 52 53 54 55 56 57 58 59 60 61 62 63 64 65 66 67 68 69 70 71 72 73 74 75 76 77 78 79 80 81 82 83
+ echo -e ' \033[38;2;186;187;241m║\033[0m'
+ draw_box_line 'Catppuccin Frappe Theme • Modular Configuration' 86
+ local 'text=Catppuccin Frappe Theme • Modular Configuration'
+ local width=86
+ local 'color=\033[38;2;198;208;245m'
+ echo '[DEBUG] draw_box_line: text='\''Catppuccin Frappe Theme • Modular Configuration'\'', width=86'
+ tee -a install-debug.log
[DEBUG] draw_box_line: text='Catppuccin Frappe Theme • Modular Configuration', width=86
++ strip_ansi 'Catppuccin Frappe Theme • Modular Configuration'
++ echo -e 'Catppuccin Frappe Theme • Modular Configuration'
++ sed 's/\x1b\[[0-9;]*m//g'
+ local 'visible_text=Catppuccin Frappe Theme • Modular Configuration'
+ local text_length=47
+ tee -a install-debug.log
+ echo '[DEBUG] visible_text='\''Catppuccin Frappe Theme • Modular Configuration'\'', text_length=47'
[DEBUG] visible_text='Catppuccin Frappe Theme • Modular Configuration', text_length=47
+ local padding=36
+ tee -a install-debug.log
+ echo '[DEBUG] padding=36'
[DEBUG] padding=36
+ echo -en '\033[38;2;186;187;241m║\033[0m '
+ echo -en 'Catppuccin Frappe Theme • Modular Configuration'
+ '[' 36 -gt 0 ']'
++ seq 1 36
+ printf ' %.0s' 1 2 3 4 5 6 7 8 9 10 11 12 13 14 15 16 17 18 19 20 21 22 23 24 25 26 27 28 29 30 31 32 33 34 35 36
+ echo -e ' \033[38;2;186;187;241m║\033[0m'
+ draw_box_line '' 86
+ local text=
+ local width=86
+ local 'color=\033[38;2;198;208;245m'
+ echo '[DEBUG] draw_box_line: text='\'''\'', width=86'
+ tee -a install-debug.log
[DEBUG] draw_box_line: text='', width=86
++ strip_ansi ''
++ echo -e ''
++ sed 's/\x1b\[[0-9;]*m//g'
+ local visible_text=
+ local text_length=0
+ echo '[DEBUG] visible_text='\'''\'', text_length=0'
+ tee -a install-debug.log
[DEBUG] visible_text='', text_length=0
+ local padding=83
+ echo '[DEBUG] padding=83'
+ tee -a install-debug.log
[DEBUG] padding=83
+ echo -en '\033[38;2;186;187;241m║\033[0m '
+ echo -en ''
+ '[' 83 -gt 0 ']'
++ seq 1 83
+ printf ' %.0s' 1 2 3 4 5 6 7 8 9 10 11 12 13 14 15 16 17 18 19 20 21 22 23 24 25 26 27 28 29 30 31 32 33 34 35 36 37 38 39 40 41 42 43 44 45 46 47 48 49 50 51 52 53 54 55 56 57 58 59 60 61 62 63 64 65 66 67 68 69 70 71 72 73 74 75 76 77 78 79 80 81 82 83
+ echo -e ' \033[38;2;186;187;241m║\033[0m'
+ draw_box_line '\033[38;2;239;159;118mThis installer will:\033[0m' 86
+ local 'text=\033[38;2;239;159;118mThis installer will:\033[0m'
+ local width=86
+ local 'color=\033[38;2;198;208;245m'
+ echo '[DEBUG] draw_box_line: text='\''\033[38;2;239;159;118mThis installer will:\033[0m'\'', width=86'
+ tee -a install-debug.log
[DEBUG] draw_box_line: text='\033[38;2;239;159;118mThis installer will:\033[0m', width=86
++ strip_ansi '\033[38;2;239;159;118mThis installer will:\033[0m'
++ echo -e '\033[38;2;239;159;118mThis installer will:\033[0m'
++ sed 's/\x1b\[[0-9;]*m//g'
+ local 'visible_text=This installer will:'
+ local text_length=20
+ echo '[DEBUG] visible_text='\''This installer will:'\'', text_length=20'
+ tee -a install-debug.log
[DEBUG] visible_text='This installer will:', text_length=20
+ local padding=63
+ echo '[DEBUG] padding=63'
+ tee -a install-debug.log
[DEBUG] padding=63
+ echo -en '\033[38;2;186;187;241m║\033[0m '
+ echo -en '\033[38;2;239;159;118mThis installer will:\033[0m'
+ '[' 63 -gt 0 ']'
++ seq 1 63
+ printf ' %.0s' 1 2 3 4 5 6 7 8 9 10 11 12 13 14 15 16 17 18 19 20 21 22 23 24 25 26 27 28 29 30 31 32 33 34 35 36 37 38 39 40 41 42 43 44 45 46 47 48 49 50 51 52 53 54 55 56 57 58 59 60 61 62 63
+ echo -e ' \033[38;2;186;187;241m║\033[0m'
+ draw_box_line '  \033[38;2;166;209;137m✓\033[0m Install all required packages' 86
+ local 'text=  \033[38;2;166;209;137m✓\033[0m Install all required packages'
+ local width=86
+ local 'color=\033[38;2;198;208;245m'
+ echo '[DEBUG] draw_box_line: text='\''  \033[38;2;166;209;137m✓\033[0m Install all required packages'\'', width=86'
+ tee -a install-debug.log
[DEBUG] draw_box_line: text='  \033[38;2;166;209;137m✓\033[0m Install all required packages', width=86
++ strip_ansi '  \033[38;2;166;209;137m✓\033[0m Install all required packages'
++ echo -e '  \033[38;2;166;209;137m✓\033[0m Install all required packages'
++ sed 's/\x1b\[[0-9;]*m//g'
+ local 'visible_text=  ✓ Install all required packages'
+ local text_length=33
+ echo '[DEBUG] visible_text='\''  ✓ Install all required packages'\'', text_length=33'
+ tee -a install-debug.log
[DEBUG] visible_text='  ✓ Install all required packages', text_length=33
+ local padding=50
+ echo '[DEBUG] padding=50'
+ tee -a install-debug.log
[DEBUG] padding=50
+ echo -en '\033[38;2;186;187;241m║\033[0m '
+ echo -en '  \033[38;2;166;209;137m✓\033[0m Install all required packages'
+ '[' 50 -gt 0 ']'
++ seq 1 50
+ printf ' %.0s' 1 2 3 4 5 6 7 8 9 10 11 12 13 14 15 16 17 18 19 20 21 22 23 24 25 26 27 28 29 30 31 32 33 34 35 36 37 38 39 40 41 42 43 44 45 46 47 48 49 50
+ echo -e ' \033[38;2;186;187;241m║\033[0m'
+ draw_box_line '  \033[38;2;166;209;137m✓\033[0m Set up Hyprland, Waybar, Kitty, and more' 86
+ local 'text=  \033[38;2;166;209;137m✓\033[0m Set up Hyprland, Waybar, Kitty, and more'
+ local width=86
+ local 'color=\033[38;2;198;208;245m'
+ echo '[DEBUG] draw_box_line: text='\''  \033[38;2;166;209;137m✓\033[0m Set up Hyprland, Waybar, Kitty, and more'\'', width=86'
+ tee -a install-debug.log
[DEBUG] draw_box_line: text='  \033[38;2;166;209;137m✓\033[0m Set up Hyprland, Waybar, Kitty, and more', width=86
++ strip_ansi '  \033[38;2;166;209;137m✓\033[0m Set up Hyprland, Waybar, Kitty, and more'
++ echo -e '  \033[38;2;166;209;137m✓\033[0m Set up Hyprland, Waybar, Kitty, and more'
++ sed 's/\x1b\[[0-9;]*m//g'
+ local 'visible_text=  ✓ Set up Hyprland, Waybar, Kitty, and more'
+ local text_length=44
+ tee -a install-debug.log
+ echo '[DEBUG] visible_text='\''  ✓ Set up Hyprland, Waybar, Kitty, and more'\'', text_length=44'
[DEBUG] visible_text='  ✓ Set up Hyprland, Waybar, Kitty, and more', text_length=44
+ local padding=39
+ tee -a install-debug.log
+ echo '[DEBUG] padding=39'
[DEBUG] padding=39
+ echo -en '\033[38;2;186;187;241m║\033[0m '
+ echo -en '  \033[38;2;166;209;137m✓\033[0m Set up Hyprland, Waybar, Kitty, and more'
+ '[' 39 -gt 0 ']'
++ seq 1 39
+ printf ' %.0s' 1 2 3 4 5 6 7 8 9 10 11 12 13 14 15 16 17 18 19 20 21 22 23 24 25 26 27 28 29 30 31 32 33 34 35 36 37 38 39
+ echo -e ' \033[38;2;186;187;241m║\033[0m'
+ draw_box_line '  \033[38;2;166;209;137m✓\033[0m Configure Neovim with LazyVim' 86
+ local 'text=  \033[38;2;166;209;137m✓\033[0m Configure Neovim with LazyVim'
+ local width=86
+ local 'color=\033[38;2;198;208;245m'
+ echo '[DEBUG] draw_box_line: text='\''  \033[38;2;166;209;137m✓\033[0m Configure Neovim with LazyVim'\'', width=86'
+ tee -a install-debug.log
[DEBUG] draw_box_line: text='  \033[38;2;166;209;137m✓\033[0m Configure Neovim with LazyVim', width=86
++ strip_ansi '  \033[38;2;166;209;137m✓\033[0m Configure Neovim with LazyVim'
++ echo -e '  \033[38;2;166;209;137m✓\033[0m Configure Neovim with LazyVim'
++ sed 's/\x1b\[[0-9;]*m//g'
+ local 'visible_text=  ✓ Configure Neovim with LazyVim'
+ local text_length=33
+ echo '[DEBUG] visible_text='\''  ✓ Configure Neovim with LazyVim'\'', text_length=33'
+ tee -a install-debug.log
[DEBUG] visible_text='  ✓ Configure Neovim with LazyVim', text_length=33
+ local padding=50
+ echo '[DEBUG] padding=50'
+ tee -a install-debug.log
[DEBUG] padding=50
+ echo -en '\033[38;2;186;187;241m║\033[0m '
+ echo -en '  \033[38;2;166;209;137m✓\033[0m Configure Neovim with LazyVim'
+ '[' 50 -gt 0 ']'
++ seq 1 50
+ printf ' %.0s' 1 2 3 4 5 6 7 8 9 10 11 12 13 14 15 16 17 18 19 20 21 22 23 24 25 26 27 28 29 30 31 32 33 34 35 36 37 38 39 40 41 42 43 44 45 46 47 48 49 50
+ echo -e ' \033[38;2;186;187;241m║\033[0m'
+ draw_box_line '  \033[38;2;166;209;137m✓\033[0m Install Catppuccin wallpaper collection' 86
+ local 'text=  \033[38;2;166;209;137m✓\033[0m Install Catppuccin wallpaper collection'
+ local width=86
+ local 'color=\033[38;2;198;208;245m'
+ echo '[DEBUG] draw_box_line: text='\''  \033[38;2;166;209;137m✓\033[0m Install Catppuccin wallpaper collection'\'', width=86'
+ tee -a install-debug.log
[DEBUG] draw_box_line: text='  \033[38;2;166;209;137m✓\033[0m Install Catppuccin wallpaper collection', width=86
++ strip_ansi '  \033[38;2;166;209;137m✓\033[0m Install Catppuccin wallpaper collection'
++ echo -e '  \033[38;2;166;209;137m✓\033[0m Install Catppuccin wallpaper collection'
++ sed 's/\x1b\[[0-9;]*m//g'
+ local 'visible_text=  ✓ Install Catppuccin wallpaper collection'
+ local text_length=43
+ echo '[DEBUG] visible_text='\''  ✓ Install Catppuccin wallpaper collection'\'', text_length=43'
+ tee -a install-debug.log
[DEBUG] visible_text='  ✓ Install Catppuccin wallpaper collection', text_length=43
+ local padding=40
+ echo '[DEBUG] padding=40'
+ tee -a install-debug.log
[DEBUG] padding=40
+ echo -en '\033[38;2;186;187;241m║\033[0m '
+ echo -en '  \033[38;2;166;209;137m✓\033[0m Install Catppuccin wallpaper collection'
+ '[' 40 -gt 0 ']'
++ seq 1 40
+ printf ' %.0s' 1 2 3 4 5 6 7 8 9 10 11 12 13 14 15 16 17 18 19 20 21 22 23 24 25 26 27 28 29 30 31 32 33 34 35 36 37 38 39 40
+ echo -e ' \033[38;2;186;187;241m║\033[0m'
+ draw_box_line '  \033[38;2;166;209;137m✓\033[0m Create backups of existing configs' 86
+ local 'text=  \033[38;2;166;209;137m✓\033[0m Create backups of existing configs'
+ local width=86
+ local 'color=\033[38;2;198;208;245m'
+ echo '[DEBUG] draw_box_line: text='\''  \033[38;2;166;209;137m✓\033[0m Create backups of existing configs'\'', width=86'
+ tee -a install-debug.log
[DEBUG] draw_box_line: text='  \033[38;2;166;209;137m✓\033[0m Create backups of existing configs', width=86
++ strip_ansi '  \033[38;2;166;209;137m✓\033[0m Create backups of existing configs'
++ echo -e '  \033[38;2;166;209;137m✓\033[0m Create backups of existing configs'
++ sed 's/\x1b\[[0-9;]*m//g'
+ local 'visible_text=  ✓ Create backups of existing configs'
+ local text_length=38
+ tee -a install-debug.log
+ echo '[DEBUG] visible_text='\''  ✓ Create backups of existing configs'\'', text_length=38'
[DEBUG] visible_text='  ✓ Create backups of existing configs', text_length=38
+ local padding=45
+ tee -a install-debug.log
+ echo '[DEBUG] padding=45'
[DEBUG] padding=45
+ echo -en '\033[38;2;186;187;241m║\033[0m '
+ echo -en '  \033[38;2;166;209;137m✓\033[0m Create backups of existing configs'
+ '[' 45 -gt 0 ']'
++ seq 1 45
+ printf ' %.0s' 1 2 3 4 5 6 7 8 9 10 11 12 13 14 15 16 17 18 19 20 21 22 23 24 25 26 27 28 29 30 31 32 33 34 35 36 37 38 39 40 41 42 43 44 45
+ echo -e ' \033[38;2;186;187;241m║\033[0m'
+ draw_box_line '' 86
+ local text=
+ local width=86
+ local 'color=\033[38;2;198;208;245m'
+ echo '[DEBUG] draw_box_line: text='\'''\'', width=86'
+ tee -a install-debug.log
[DEBUG] draw_box_line: text='', width=86
++ strip_ansi ''
++ echo -e ''
++ sed 's/\x1b\[[0-9;]*m//g'
+ local visible_text=
+ local text_length=0
+ tee -a install-debug.log
+ echo '[DEBUG] visible_text='\'''\'', text_length=0'
[DEBUG] visible_text='', text_length=0
+ local padding=83
+ echo '[DEBUG] padding=83'
+ tee -a install-debug.log
[DEBUG] padding=83
+ echo -en '\033[38;2;186;187;241m║\033[0m '
+ echo -en ''
+ '[' 83 -gt 0 ']'
++ seq 1 83
+ printf ' %.0s' 1 2 3 4 5 6 7 8 9 10 11 12 13 14 15 16 17 18 19 20 21 22 23 24 25 26 27 28 29 30 31 32 33 34 35 36 37 38 39 40 41 42 43 44 45 46 47 48 49 50 51 52 53 54 55 56 57 58 59 60 61 62 63 64 65 66 67 68 69 70 71 72 73 74 75 76 77 78 79 80 81 82 83
+ echo -e ' \033[38;2;186;187;241m║\033[0m'
+ draw_box_line '\033[38;2;229;200;144m⚠  \033[38;2;198;208;245mRequires Arch Linux\033[0m' 86
+ local 'text=\033[38;2;229;200;144m⚠  \033[38;2;198;208;245mRequires Arch Linux\033[0m'
+ local width=86
+ local 'color=\033[38;2;198;208;245m'
+ echo '[DEBUG] draw_box_line: text='\''\033[38;2;229;200;144m⚠  \033[38;2;198;208;245mRequires Arch Linux\033[0m'\'', width=86'
+ tee -a install-debug.log
[DEBUG] draw_box_line: text='\033[38;2;229;200;144m⚠  \033[38;2;198;208;245mRequires Arch Linux\033[0m', width=86
++ strip_ansi '\033[38;2;229;200;144m⚠  \033[38;2;198;208;245mRequires Arch Linux\033[0m'
++ echo -e '\033[38;2;229;200;144m⚠  \033[38;2;198;208;245mRequires Arch Linux\033[0m'
++ sed 's/\x1b\[[0-9;]*m//g'
+ local 'visible_text=⚠  Requires Arch Linux'
+ local text_length=22
+ echo '[DEBUG] visible_text='\''⚠  Requires Arch Linux'\'', text_length=22'
+ tee -a install-debug.log
[DEBUG] visible_text='⚠  Requires Arch Linux', text_length=22
+ local padding=61
+ echo '[DEBUG] padding=61'
+ tee -a install-debug.log
[DEBUG] padding=61
+ echo -en '\033[38;2;186;187;241m║\033[0m '
+ echo -en '\033[38;2;229;200;144m⚠  \033[38;2;198;208;245mRequires Arch Linux\033[0m'
+ '[' 61 -gt 0 ']'
++ seq 1 61
+ printf ' %.0s' 1 2 3 4 5 6 7 8 9 10 11 12 13 14 15 16 17 18 19 20 21 22 23 24 25 26 27 28 29 30 31 32 33 34 35 36 37 38 39 40 41 42 43 44 45 46 47 48 49 50 51 52 53 54 55 56 57 58 59 60 61
+ echo -e ' \033[38;2;186;187;241m║\033[0m'
+ draw_box_line '' 86
+ local text=
+ local width=86
+ local 'color=\033[38;2;198;208;245m'
+ echo '[DEBUG] draw_box_line: text='\'''\'', width=86'
+ tee -a install-debug.log
[DEBUG] draw_box_line: text='', width=86
++ strip_ansi ''
++ echo -e ''
++ sed 's/\x1b\[[0-9;]*m//g'
+ local visible_text=
+ local text_length=0
+ echo '[DEBUG] visible_text='\'''\'', text_length=0'
+ tee -a install-debug.log
[DEBUG] visible_text='', text_length=0
+ local padding=83
+ echo '[DEBUG] padding=83'
+ tee -a install-debug.log
[DEBUG] padding=83
+ echo -en '\033[38;2;186;187;241m║\033[0m '
+ echo -en ''
+ '[' 83 -gt 0 ']'
++ seq 1 83
+ printf ' %.0s' 1 2 3 4 5 6 7 8 9 10 11 12 13 14 15 16 17 18 19 20 21 22 23 24 25 26 27 28 29 30 31 32 33 34 35 36 37 38 39 40 41 42 43 44 45 46 47 48 49 50 51 52 53 54 55 56 57 58 59 60 61 62 63 64 65 66 67 68 69 70 71 72 73 74 75 76 77 78 79 80 81 82 83
+ echo -e ' \033[38;2;186;187;241m║\033[0m'
+ draw_box_bottom 86
+ echo '[DEBUG] draw_box_bottom: width=86'
+ tee -a install-debug.log
[DEBUG] draw_box_bottom: width=86
+ local width=86
+ echo -en '\033[38;2;186;187;241m'
+ echo -n ╚
++ seq 1 84
+ printf ═%.0s 1 2 3 4 5 6 7 8 9 10 11 12 13 14 15 16 17 18 19 20 21 22 23 24 25 26 27 28 29 30 31 32 33 34 35 36 37 38 39 40 41 42 43 44 45 46 47 48 49 50 51 52 53 54 55 56 57 58 59 60 61 62 63 64 65 66 67 68 69 70 71 72 73 74 75 76 77 78 79 80 81 82 83 84
+ echo ╝
+ echo -en '\033[0m'
+ echo ''
+ echo '[DEBUG] About to prompt for Enter key'
+ tee -a install-debug.log
[DEBUG] About to prompt for Enter key
+ echo '[DEBUG] After show_welcome, before read prompt'
+ tee -a install-debug.log
[DEBUG] After show_welcome, before read prompt
+ echo -n 'Press Enter to continue or Ctrl+C to cancel...'
+ echo '[DEBUG] Waiting for read...'
+ tee -a install-debug.log
[DEBUG] Waiting for read...
+ read -r response
+ echo '[DEBUG] Read returned: response='\'''\'''
+ tee -a install-debug.log
[DEBUG] Read returned: response=''
+ echo ''
+ echo 'DEBUG: You pressed Enter! The script works.'
+ echo ''
+ echo '[DEBUG] Test complete'
+ tee -a install-debug.log
[DEBUG] Test complete
+ echo ''
+ echo '=== DEBUG LOG SAVED TO: install-debug.log ==='
+ echo ''
+ echo '[DEBUG] main() completed'
+ tee -a install-debug.log
[DEBUG] main() completed
